2025-09-25T00:06:16.868+02:00  WARN 13192 --- [tasklist] [HikariPool-2:housekeeper] com.zaxxer.hikari.pool.HikariPool        : HikariPool-2 - Thread starvation or clock leap detected (housekeeper delta=2h28m38s847ms242µs200ns).
2025-09-25T00:11:47.426+02:00  INFO 13192 --- [tasklist] [File Watcher] rtingClassPathChangeChangedEventListener : Restarting due to 3 class path changes (0 additions, 3 deletions, 0 modifications)
2025-09-25T00:11:47.444+02:00  INFO 13192 --- [tasklist] [Thread-8] o.s.b.w.e.tomcat.GracefulShutdown        : Commencing graceful shutdown. Waiting for active requests to complete
2025-09-25T00:11:47.484+02:00  INFO 13192 --- [tasklist] [tomcat-shutdown] o.s.b.w.e.tomcat.GracefulShutdown        : Graceful shutdown complete
2025-09-25T00:11:47.540+02:00  INFO 13192 --- [tasklist] [Thread-8] j.LocalContainerEntityManagerFactoryBean : Closing JPA EntityManagerFactory for persistence unit 'default'
2025-09-25T00:11:47.560+02:00  INFO 13192 --- [tasklist] [Thread-8] com.zaxxer.hikari.HikariDataSource       : HikariPool-2 - Shutdown initiated...
2025-09-25T00:11:47.582+02:00  INFO 13192 --- [tasklist] [Thread-8] com.zaxxer.hikari.HikariDataSource       : HikariPool-2 - Shutdown completed.
2025-09-25T00:11:48.009+02:00  INFO 13192 --- [tasklist] [restartedMain] com.api.tasklist.TasklistApplication     : Starting TasklistApplication using Java 21.0.6 with PID 13192 (C:\Users\Mpho Masibigiri\Desktop\FNB\Spring-boot-Tasklist\target\classes started by Mpho Masibigiri in C:\Users\Mpho Masibigiri\Desktop\FNB\Spring-boot-Tasklist)
2025-09-25T00:11:48.011+02:00 DEBUG 13192 --- [tasklist] [restartedMain] com.api.tasklist.TasklistApplication     : Running with Spring Boot v3.5.6, Spring v6.2.11
2025-09-25T00:11:48.011+02:00  INFO 13192 --- [tasklist] [restartedMain] com.api.tasklist.TasklistApplication     : No active profile set, falling back to 1 default profile: "default"
2025-09-25T00:11:48.902+02:00  INFO 13192 --- [tasklist] [restartedMain] .s.d.r.c.RepositoryConfigurationDelegate : Bootstrapping Spring Data JPA repositories in DEFAULT mode.
2025-09-25T00:11:48.930+02:00  INFO 13192 --- [tasklist] [restartedMain] .s.d.r.c.RepositoryConfigurationDelegate : Finished Spring Data repository scanning in 22 ms. Found 1 JPA repository interface.
2025-09-25T00:11:49.234+02:00  INFO 13192 --- [tasklist] [restartedMain] o.s.b.w.embedded.tomcat.TomcatWebServer  : Tomcat initialized with port 8080 (http)
2025-09-25T00:11:49.241+02:00  INFO 13192 --- [tasklist] [restartedMain] o.apache.catalina.core.StandardService   : Starting service [Tomcat]
2025-09-25T00:11:49.242+02:00  INFO 13192 --- [tasklist] [restartedMain] o.apache.catalina.core.StandardEngine    : Starting Servlet engine: [Apache Tomcat/10.1.46]
2025-09-25T00:11:49.305+02:00  INFO 13192 --- [tasklist] [restartedMain] o.a.c.c.C.[Tomcat].[localhost].[/]       : Initializing Spring embedded WebApplicationContext
2025-09-25T00:11:49.306+02:00  INFO 13192 --- [tasklist] [restartedMain] w.s.c.ServletWebServerApplicationContext : Root WebApplicationContext: initialization completed in 1286 ms
2025-09-25T00:11:49.435+02:00  INFO 13192 --- [tasklist] [restartedMain] com.zaxxer.hikari.HikariDataSource       : HikariPool-3 - Starting...
2025-09-25T00:11:49.613+02:00  INFO 13192 --- [tasklist] [restartedMain] com.zaxxer.hikari.pool.HikariPool        : HikariPool-3 - Added connection org.postgresql.jdbc.PgConnection@5d64e070
2025-09-25T00:11:49.615+02:00  INFO 13192 --- [tasklist] [restartedMain] com.zaxxer.hikari.HikariDataSource       : HikariPool-3 - Start completed.
2025-09-25T00:11:49.669+02:00  INFO 13192 --- [tasklist] [restartedMain] liquibase.database                       : Set default schema name to public
2025-09-25T00:11:49.714+02:00  INFO 13192 --- [tasklist] [restartedMain] liquibase.command                        : Logging exception.
2025-09-25T00:11:49.715+02:00  INFO 13192 --- [tasklist] [restartedMain] liquibase.ui                             : ERROR: Exception Details
2025-09-25T00:11:49.716+02:00  INFO 13192 --- [tasklist] [restartedMain] liquibase.ui                             : ERROR: Exception Primary Class:  ChangeLogParseException
2025-09-25T00:11:49.716+02:00  INFO 13192 --- [tasklist] [restartedMain] liquibase.ui                             : ERROR: Exception Primary Reason:  classpath:/db/changelog/db.changelog-master.yaml does not exist
2025-09-25T00:11:49.718+02:00  INFO 13192 --- [tasklist] [restartedMain] liquibase.ui                             : ERROR: Exception Primary Source:  4.31.1
2025-09-25T00:11:49.719+02:00  INFO 13192 --- [tasklist] [restartedMain] liquibase.command                        : Command execution complete
2025-09-25T00:11:51.258+02:00  WARN 13192 --- [tasklist] [restartedMain] ConfigServletWebServerApplicationContext : Exception encountered during context initialization - cancelling refresh attempt: org.springframework.beans.factory.BeanCreationException: Error creating bean with name 'entityManagerFactory' defined in class path resource [org/springframework/boot/autoconfigure/orm/jpa/HibernateJpaConfiguration.class]: Failed to initialize dependency 'liquibase' of LoadTimeWeaverAware bean 'entityManagerFactory': Error creating bean with name 'liquibase' defined in class path resource [org/springframework/boot/autoconfigure/liquibase/LiquibaseAutoConfiguration$LiquibaseConfiguration.class]: liquibase.exception.CommandExecutionException: liquibase.exception.ChangeLogParseException: classpath:/db/changelog/db.changelog-master.yaml does not exist
2025-09-25T00:11:51.260+02:00  INFO 13192 --- [tasklist] [restartedMain] com.zaxxer.hikari.HikariDataSource       : HikariPool-3 - Shutdown initiated...
2025-09-25T00:11:51.488+02:00  INFO 13192 --- [tasklist] [restartedMain] com.zaxxer.hikari.HikariDataSource       : HikariPool-3 - Shutdown completed.
2025-09-25T00:11:51.490+02:00  INFO 13192 --- [tasklist] [restartedMain] o.apache.catalina.core.StandardService   : Stopping service [Tomcat]
2025-09-25T00:11:51.502+02:00  INFO 13192 --- [tasklist] [restartedMain] .s.b.a.l.ConditionEvaluationReportLogger : 

Error starting ApplicationContext. To display the condition evaluation report re-run your application with 'debug' enabled.
2025-09-25T00:11:51.589+02:00 ERROR 13192 --- [tasklist] [restartedMain] o.s.b.d.LoggingFailureAnalysisReporter   : 

***************************
APPLICATION FAILED TO START
***************************

Description:

Liquibase failed to start because no changelog could be found at 'classpath:/db/changelog/db.changelog-master.yaml'.

Action:

Make sure a Liquibase changelog is present at the configured path.

2025-09-25T00:11:53.113+02:00  INFO 13192 --- [tasklist] [restartedMain] com.api.tasklist.TasklistApplication     : Starting TasklistApplication using Java 21.0.6 with PID 13192 (C:\Users\Mpho Masibigiri\Desktop\FNB\Spring-boot-Tasklist\target\classes started by Mpho Masibigiri in C:\Users\Mpho Masibigiri\Desktop\FNB\Spring-boot-Tasklist)
2025-09-25T00:11:53.114+02:00 DEBUG 13192 --- [tasklist] [restartedMain] com.api.tasklist.TasklistApplication     : Running with Spring Boot v3.5.6, Spring v6.2.11
2025-09-25T00:11:53.115+02:00  INFO 13192 --- [tasklist] [restartedMain] com.api.tasklist.TasklistApplication     : No active profile set, falling back to 1 default profile: "default"
2025-09-25T00:11:53.487+02:00  INFO 13192 --- [tasklist] [restartedMain] .s.d.r.c.RepositoryConfigurationDelegate : Bootstrapping Spring Data JPA repositories in DEFAULT mode.
2025-09-25T00:11:53.512+02:00  INFO 13192 --- [tasklist] [restartedMain] .s.d.r.c.RepositoryConfigurationDelegate : Finished Spring Data repository scanning in 22 ms. Found 1 JPA repository interface.
2025-09-25T00:11:53.712+02:00  INFO 13192 --- [tasklist] [restartedMain] o.s.b.w.embedded.tomcat.TomcatWebServer  : Tomcat initialized with port 8080 (http)
2025-09-25T00:11:53.716+02:00  INFO 13192 --- [tasklist] [restartedMain] o.apache.catalina.core.StandardService   : Starting service [Tomcat]
2025-09-25T00:11:53.717+02:00  INFO 13192 --- [tasklist] [restartedMain] o.apache.catalina.core.StandardEngine    : Starting Servlet engine: [Apache Tomcat/10.1.46]
2025-09-25T00:11:53.767+02:00  INFO 13192 --- [tasklist] [restartedMain] o.a.c.c.C.[Tomcat-1].[localhost].[/]     : Initializing Spring embedded WebApplicationContext
2025-09-25T00:11:53.768+02:00  INFO 13192 --- [tasklist] [restartedMain] w.s.c.ServletWebServerApplicationContext : Root WebApplicationContext: initialization completed in 649 ms
2025-09-25T00:11:53.843+02:00  INFO 13192 --- [tasklist] [restartedMain] com.zaxxer.hikari.HikariDataSource       : HikariPool-4 - Starting...
2025-09-25T00:11:53.982+02:00  INFO 13192 --- [tasklist] [restartedMain] com.zaxxer.hikari.pool.HikariPool        : HikariPool-4 - Added connection org.postgresql.jdbc.PgConnection@249a2438
2025-09-25T00:11:53.983+02:00  INFO 13192 --- [tasklist] [restartedMain] com.zaxxer.hikari.HikariDataSource       : HikariPool-4 - Start completed.
2025-09-25T00:11:54.019+02:00  INFO 13192 --- [tasklist] [restartedMain] liquibase.database                       : Set default schema name to public
2025-09-25T00:11:54.058+02:00  INFO 13192 --- [tasklist] [restartedMain] liquibase.command                        : Logging exception.
2025-09-25T00:11:54.058+02:00  INFO 13192 --- [tasklist] [restartedMain] liquibase.ui                             : ERROR: Exception Details
2025-09-25T00:11:54.059+02:00  INFO 13192 --- [tasklist] [restartedMain] liquibase.ui                             : ERROR: Exception Primary Class:  ChangeLogParseException
2025-09-25T00:11:54.059+02:00  INFO 13192 --- [tasklist] [restartedMain] liquibase.ui                             : ERROR: Exception Primary Reason:  classpath:/db/changelog/db.changelog-master.yaml does not exist
2025-09-25T00:11:54.060+02:00  INFO 13192 --- [tasklist] [restartedMain] liquibase.ui                             : ERROR: Exception Primary Source:  4.31.1
2025-09-25T00:11:54.060+02:00  INFO 13192 --- [tasklist] [restartedMain] liquibase.command                        : Command execution complete
2025-09-25T00:11:54.065+02:00  WARN 13192 --- [tasklist] [restartedMain] ConfigServletWebServerApplicationContext : Exception encountered during context initialization - cancelling refresh attempt: org.springframework.beans.factory.BeanCreationException: Error creating bean with name 'entityManagerFactory' defined in class path resource [org/springframework/boot/autoconfigure/orm/jpa/HibernateJpaConfiguration.class]: Failed to initialize dependency 'liquibase' of LoadTimeWeaverAware bean 'entityManagerFactory': Error creating bean with name 'liquibase' defined in class path resource [org/springframework/boot/autoconfigure/liquibase/LiquibaseAutoConfiguration$LiquibaseConfiguration.class]: liquibase.exception.CommandExecutionException: liquibase.exception.ChangeLogParseException: classpath:/db/changelog/db.changelog-master.yaml does not exist
2025-09-25T00:11:54.066+02:00  INFO 13192 --- [tasklist] [restartedMain] com.zaxxer.hikari.HikariDataSource       : HikariPool-4 - Shutdown initiated...
2025-09-25T00:11:54.068+02:00  INFO 13192 --- [tasklist] [restartedMain] com.zaxxer.hikari.HikariDataSource       : HikariPool-4 - Shutdown completed.
2025-09-25T00:11:54.069+02:00  INFO 13192 --- [tasklist] [restartedMain] o.apache.catalina.core.StandardService   : Stopping service [Tomcat]
2025-09-25T00:11:54.081+02:00  INFO 13192 --- [tasklist] [restartedMain] .s.b.a.l.ConditionEvaluationReportLogger : 

Error starting ApplicationContext. To display the condition evaluation report re-run your application with 'debug' enabled.
2025-09-25T00:11:54.089+02:00 ERROR 13192 --- [tasklist] [restartedMain] o.s.b.d.LoggingFailureAnalysisReporter   : 

***************************
APPLICATION FAILED TO START
***************************

Description:

Liquibase failed to start because no changelog could be found at 'classpath:/db/changelog/db.changelog-master.yaml'.

Action:

Make sure a Liquibase changelog is present at the configured path.

2025-09-25T00:12:33.213+02:00  INFO 13192 --- [tasklist] [restartedMain] com.api.tasklist.TasklistApplication     : Starting TasklistApplication using Java 21.0.6 with PID 13192 (C:\Users\Mpho Masibigiri\Desktop\FNB\Spring-boot-Tasklist\target\classes started by Mpho Masibigiri in C:\Users\Mpho Masibigiri\Desktop\FNB\Spring-boot-Tasklist)
2025-09-25T00:12:33.215+02:00 DEBUG 13192 --- [tasklist] [restartedMain] com.api.tasklist.TasklistApplication     : Running with Spring Boot v3.5.6, Spring v6.2.11
2025-09-25T00:12:33.216+02:00  INFO 13192 --- [tasklist] [restartedMain] com.api.tasklist.TasklistApplication     : No active profile set, falling back to 1 default profile: "default"
2025-09-25T00:12:33.557+02:00  INFO 13192 --- [tasklist] [restartedMain] .s.d.r.c.RepositoryConfigurationDelegate : Bootstrapping Spring Data JPA repositories in DEFAULT mode.
2025-09-25T00:12:33.576+02:00  INFO 13192 --- [tasklist] [restartedMain] .s.d.r.c.RepositoryConfigurationDelegate : Finished Spring Data repository scanning in 16 ms. Found 1 JPA repository interface.
2025-09-25T00:12:33.722+02:00  INFO 13192 --- [tasklist] [restartedMain] o.s.b.w.embedded.tomcat.TomcatWebServer  : Tomcat initialized with port 8080 (http)
2025-09-25T00:12:33.725+02:00  INFO 13192 --- [tasklist] [restartedMain] o.apache.catalina.core.StandardService   : Starting service [Tomcat]
2025-09-25T00:12:33.725+02:00  INFO 13192 --- [tasklist] [restartedMain] o.apache.catalina.core.StandardEngine    : Starting Servlet engine: [Apache Tomcat/10.1.46]
2025-09-25T00:12:33.755+02:00  INFO 13192 --- [tasklist] [restartedMain] o.a.c.c.C.[Tomcat-2].[localhost].[/]     : Initializing Spring embedded WebApplicationContext
2025-09-25T00:12:33.793+02:00  INFO 13192 --- [tasklist] [restartedMain] w.s.c.ServletWebServerApplicationContext : Root WebApplicationContext: initialization completed in 570 ms
2025-09-25T00:12:33.851+02:00  INFO 13192 --- [tasklist] [restartedMain] com.zaxxer.hikari.HikariDataSource       : HikariPool-5 - Starting...
2025-09-25T00:12:34.067+02:00  INFO 13192 --- [tasklist] [restartedMain] com.zaxxer.hikari.pool.HikariPool        : HikariPool-5 - Added connection org.postgresql.jdbc.PgConnection@6a2364dc
2025-09-25T00:12:34.068+02:00  INFO 13192 --- [tasklist] [restartedMain] com.zaxxer.hikari.HikariDataSource       : HikariPool-5 - Start completed.
2025-09-25T00:12:34.096+02:00  INFO 13192 --- [tasklist] [restartedMain] liquibase.database                       : Set default schema name to public
2025-09-25T00:12:34.126+02:00  INFO 13192 --- [tasklist] [restartedMain] liquibase.command                        : Logging exception.
2025-09-25T00:12:34.127+02:00  INFO 13192 --- [tasklist] [restartedMain] liquibase.ui                             : ERROR: Exception Details
2025-09-25T00:12:34.128+02:00  INFO 13192 --- [tasklist] [restartedMain] liquibase.ui                             : ERROR: Exception Primary Class:  ChangeLogParseException
2025-09-25T00:12:34.128+02:00  INFO 13192 --- [tasklist] [restartedMain] liquibase.ui                             : ERROR: Exception Primary Reason:  classpath:/db/changelog/db.changelog-master.yaml does not exist
2025-09-25T00:12:34.129+02:00  INFO 13192 --- [tasklist] [restartedMain] liquibase.ui                             : ERROR: Exception Primary Source:  4.31.1
2025-09-25T00:12:34.130+02:00  INFO 13192 --- [tasklist] [restartedMain] liquibase.command                        : Command execution complete
2025-09-25T00:12:34.140+02:00  WARN 13192 --- [tasklist] [restartedMain] ConfigServletWebServerApplicationContext : Exception encountered during context initialization - cancelling refresh attempt: org.springframework.beans.factory.BeanCreationException: Error creating bean with name 'entityManagerFactory' defined in class path resource [org/springframework/boot/autoconfigure/orm/jpa/HibernateJpaConfiguration.class]: Failed to initialize dependency 'liquibase' of LoadTimeWeaverAware bean 'entityManagerFactory': Error creating bean with name 'liquibase' defined in class path resource [org/springframework/boot/autoconfigure/liquibase/LiquibaseAutoConfiguration$LiquibaseConfiguration.class]: liquibase.exception.CommandExecutionException: liquibase.exception.ChangeLogParseException: classpath:/db/changelog/db.changelog-master.yaml does not exist
2025-09-25T00:12:34.141+02:00  INFO 13192 --- [tasklist] [restartedMain] com.zaxxer.hikari.HikariDataSource       : HikariPool-5 - Shutdown initiated...
2025-09-25T00:12:34.143+02:00  INFO 13192 --- [tasklist] [restartedMain] com.zaxxer.hikari.HikariDataSource       : HikariPool-5 - Shutdown completed.
2025-09-25T00:12:34.144+02:00  INFO 13192 --- [tasklist] [restartedMain] o.apache.catalina.core.StandardService   : Stopping service [Tomcat]
2025-09-25T00:12:34.158+02:00  INFO 13192 --- [tasklist] [restartedMain] .s.b.a.l.ConditionEvaluationReportLogger : 

Error starting ApplicationContext. To display the condition evaluation report re-run your application with 'debug' enabled.
2025-09-25T00:12:34.170+02:00 ERROR 13192 --- [tasklist] [restartedMain] o.s.b.d.LoggingFailureAnalysisReporter   : 

***************************
APPLICATION FAILED TO START
***************************

Description:

Liquibase failed to start because no changelog could be found at 'classpath:/db/changelog/db.changelog-master.yaml'.

Action:

Make sure a Liquibase changelog is present at the configured path.

